<?xml version="1.0"?>
<!DOCTYPE coverage SYSTEM "http://cobertura.sourceforge.net/xml/coverage-04.dtd">

<coverage line-rate="0.76" branch-rate="0.3333333333333333"
    lines-covered="19" lines-valid="25" branches-covered="2"
    branches-valid="6" complexity="2.25" version="2.0.3">
    <sources>
        <source>--source</source>
        <source>/data/home/builds/jenkins/workspace/vds/linux64/ML/archetype/ifxcdc-vds-source/src/main/java</source>
    </sources>
    <packages>
        <package name="com.informatica.vds.custom.sources.ifxcdc"
            line-rate="0.76" branch-rate="0.3333333333333333"
            complexity="2.25">
            <classes>
                <class name="com.informatica.vds.custom.sources.ifxcdc.SampleSource"
                    filename="com/informatica/vds/custom/sources/ifxcdc/SampleSource.java"
                    line-rate="0.76" branch-rate="0.3333333333333333"
                    complexity="2.25">
                    <methods>
                        <method name="&lt;init&gt;" signature="()V"
                            line-rate="1.0" branch-rate="1.0">
                            <lines>
                                <line number="13" hits="3" branch="false" />
                                <line number="19" hits="3" branch="false" />
                                <line number="24" hits="3" branch="false" />
                            </lines>
                        </method>
                        <method name="close" signature="()V"
                            line-rate="0.75" branch-rate="0.5">
                            <lines>
                                <line number="31" hits="1" branch="false" />
                                <line number="35" hits="1" branch="true"
                                    condition-coverage="50% (1/2)">
                                    <conditions>
                                        <condition number="0"
                                            type="jump" coverage="50%" />
                                    </conditions>
                                </line>
                                <line number="36" hits="0" branch="false" />
                                <line number="37" hits="1" branch="false" />
                            </lines>
                        </method>
                        <method name="open"
                            signature="(Lcom/informatica/vds/api/VDSConfiguration;)V"
                            line-rate="0.7142857142857143" branch-rate="1.0">
                            <lines>
                                <line number="44" hits="1" branch="false" />
                                <line number="46" hits="1" branch="false" />
                                <line number="51" hits="1" branch="false" />
                                <line number="52" hits="0" branch="false" />
                                <line number="53" hits="0" branch="false" />
                                <line number="54" hits="1" branch="false" />
                                <line number="55" hits="1" branch="false" />
                            </lines>
                        </method>
                        <method name="parseConfig"
                            signature="(Lcom/informatica/vds/api/VDSConfiguration;)V"
                            line-rate="1.0" branch-rate="1.0">
                            <lines>
                                <line number="82" hits="1" branch="false" />
                                <line number="85" hits="1" branch="false" />
                                <line number="86" hits="1" branch="false" />
                                <line number="88" hits="1" branch="false" />
                                <line number="89" hits="1" branch="false" />
                            </lines>
                        </method>
                        <method name="read"
                            signature="(Lcom/informatica/vds/api/VDSEventList;)V"
                            line-rate="0.5" branch-rate="0.25">
                            <lines>
                                <line number="62" hits="1" branch="false" />
                                <line number="66" hits="1" branch="true"
                                    condition-coverage="50% (1/2)">
                                    <conditions>
                                        <condition number="0"
                                            type="jump" coverage="50%" />
                                    </conditions>
                                </line>
                                <line number="67" hits="0" branch="false" />
                                <line number="69" hits="0" branch="true"
                                    condition-coverage="0% (0/2)">
                                    <conditions>
                                        <condition number="0"
                                            type="jump" coverage="0%" />
                                    </conditions>
                                </line>
                                <line number="70" hits="0" branch="false" />
                                <line number="73" hits="1" branch="false" />
                            </lines>
                        </method>
                    </methods>
                    <lines>
                        <line number="13" hits="3" branch="false" />
                        <line number="19" hits="3" branch="false" />
                        <line number="24" hits="3" branch="false" />
                        <line number="31" hits="1" branch="false" />
                        <line number="35" hits="1" branch="true"
                            condition-coverage="50% (1/2)">
                            <conditions>
                                <condition number="0" type="jump"
                                    coverage="50%" />
                            </conditions>
                        </line>
                        <line number="36" hits="0" branch="false" />
                        <line number="37" hits="1" branch="false" />
                        <line number="44" hits="1" branch="false" />
                        <line number="46" hits="1" branch="false" />
                        <line number="51" hits="1" branch="false" />
                        <line number="52" hits="0" branch="false" />
                        <line number="53" hits="0" branch="false" />
                        <line number="54" hits="1" branch="false" />
                        <line number="55" hits="1" branch="false" />
                        <line number="62" hits="1" branch="false" />
                        <line number="66" hits="1" branch="true"
                            condition-coverage="50% (1/2)">
                            <conditions>
                                <condition number="0" type="jump"
                                    coverage="50%" />
                            </conditions>
                        </line>
                        <line number="67" hits="0" branch="false" />
                        <line number="69" hits="0" branch="true"
                            condition-coverage="0% (0/2)">
                            <conditions>
                                <condition number="0" type="jump"
                                    coverage="0%" />
                            </conditions>
                        </line>
                        <line number="70" hits="0" branch="false" />
                        <line number="73" hits="1" branch="false" />
                        <line number="82" hits="1" branch="false" />
                        <line number="85" hits="1" branch="false" />
                        <line number="86" hits="1" branch="false" />
                        <line number="88" hits="1" branch="false" />
                        <line number="89" hits="1" branch="false" />
                    </lines>
                </class>
            </classes>
        </package>
    </packages>
</coverage>
